grid path= t1_g0.txt	 agent path= t1_a0.txt
001110011011000101111110001001
001111010100101100001111000001
011111100110101110011011001001
111100110110100110011101001011
101111101111100000010111011101
011001001101101110011001100110
111111111101100011000110111111
001000100010011011110101000111
100001111101100011000010111100
001100010000001100011111001111
001111011110100111101110111001
101101110101100111011001101101
110110001111110100100110110011
101011011100101000100001101011
011111111101000101110111111101
100111110010111011101100100110
110100011101010111011011011100
001000101111110010111111101011
101001101011101101111111110111
001100111110011001011101011000
Found path for 0
Found path for 2
Checked solutions OK
Found goal with cost 5!
	Num Expansions = 67 nodes

Moves for Agent 0
Northwest
West
Southwest
West
Southwest
Group 0
   Agent: 0	267 248 228 207 187 166 
Found goal with cost 8!
	Num Expansions = 44 nodes

Moves for Agent 0
Southeast
Southwest
Southwest
Southwest
Southwest
South
Southeast
Southeast
Group 1
   Agent: 1	432 451 430 409 388 367 366 385 404 
Found goal with cost 15!
	Num Expansions = 449 nodes

Moves for Agent 0
Northeast
Southeast
Northeast
East
Northeast
East
Northeast
North
North
Northwest
Northeast
Northeast
North
Northwest
Northwest
Group 2
   Agent: 2	6 27 46 67 87 108 128 149 150 151 132 153 174 175 156 137 
	Total Nodes Expanded: 560
	Total Time 0s
grid path= t1_g1.txt	 agent path= t1_a1.txt
011010101100111110010100101111
010111001100001100000010111111
001101010010011011010111101001
100100011011111001101011010011
100101110011011111100111111100
011101001011101111001110111110
101001100011111011110111011111
001101011100110011101000100101
111111011001111100110111000111
110110011111111110111111110100
011100010111100000010001000101
000011111000111001011110010111
110101011100101101111111011100
011001001001000110010001110001
111000010110101011111101110100
001111101111101100101010110101
011111100110100110011111001010
001010000101001101011000111101
111111000110101011100111111110
010011101010010110111110011100
Found path for 0
Found path for 2
Checked solutions OK
Found goal with cost 16!
	Num Expansions = 1043 nodes

Moves for Agent 0
Northwest
Northeast
Northeast
Northeast
East
East
Southeast
Northeast
Northeast
East
East
Northeast
Northeast
Northeast
Northeast
Northeast
Group 0
   Agent: 0	187 168 189 210 231 251 271 290 311 332 352 372 393 414 435 456 477 
Found goal with cost 21!
	Num Expansions = 1856 nodes

Moves for Agent 0
West
Southwest
Northwest
Northwest
West
Northwest
Northwest
Southwest
Southwest
West
Southwest
Southwest
Southwest
Southwest
Southwest
Northwest
West
West
Southwest
Southwest
Southwest
Group 1
   Agent: 1	451 431 410 391 372 352 333 314 293 272 252 231 210 189 168 147 128 108 88 67 46 25 
Found goal with cost 10!
	Num Expansions = 260 nodes

Moves for Agent 0
Northwest
Southwest
Northwest
Northwest
North
Northwest
Northwest
Northwest
Northwest
Northwest
Group 2
   Agent: 2	467 448 427 408 389 390 371 352 333 314 295 
	Total Nodes Expanded: 3159
	Total Time 0s
grid path= t1_g2.txt	 agent path= t1_a2.txt
110111010001100001101011011110
111011100110111001101110100010
101001001111000100010101001011
011010000011011011110110110111
110001111111110101101111111110
010011110110110011000110110001
000110110001110011110110110101
100100011100111001011101010111
111101011111110011111111111000
111000101101111011011011111011
111001110001100101011110110101
001101110111101011100101001001
100010111101111000100011001111
011011101011110111111100101110
110111100001001110100111100000
010111101101100010001010000111
110100110011001111111011001110
110111111110101101111010100011
001011111110110011100111101001
100111100010111100011000110110
Found path for 0
Found path for 2
Checked solutions OK
Found goal with cost 7!
	Num Expansions = 241 nodes

Moves for Agent 0
Northeast
Northeast
North
North
Northwest
Northeast
Northwest
Group 0
   Agent: 0	206 227 248 249 250 231 252 233 
Found goal with cost 23!
	Num Expansions = 1898 nodes

Moves for Agent 0
West
West
West
Northwest
Southwest
Northwest
Southwest
West
Southwest
Southwest
Northwest
West
West
West
Northwest
Northwest
Southwest
Northwest
Northwest
Northwest
Southwest
Southwest
Southwest
Group 1
   Agent: 1	511 491 471 451 432 411 392 371 351 330 309 290 270 250 230 211 192 171 152 133 114 93 72 51 
Found goal with cost 16!
	Num Expansions = 175 nodes

Moves for Agent 0
Southwest
South
Southeast
Southwest
Southwest
Southeast
Southeast
South
Southeast
Northeast
Southeast
East
Northeast
North
Northwest
Northwest
Group 2
   Agent: 2	489 468 467 486 465 444 463 482 481 500 521 540 560 581 582 563 544 
	Total Nodes Expanded: 2314
	Total Time 0s
grid path= t1_g3.txt	 agent path= t1_a3.txt
101111110111101000111010111010
101110001110011011101110111101
101001011101001011110110101010
110110110110111110101100110110
001101100100010010100111010101
001010001011111001101110010111
111011100110011001111011100011
101111111111000011101000100110
011110101001000111100110011100
101110000111010000110001100011
111111000100000101001110110011
000101011000011011000111100010
010011111000010110010111111100
011101111011100110100110110001
110011001110111111010011111100
110011101011001011001101101111
011111111011100001111011111111
001010010100110010111011001100
110111111111101111000010010110
101001110011111101011011111011
Found path for 0
Found path for 2
Checked solutions OK
Found goal with cost 7!
	Num Expansions = 52 nodes

Moves for Agent 0
Northeast
Northeast
East
Northeast
Northeast
Northeast
Southeast
Group 0
   Agent: 0	454 475 496 516 537 558 579 598 
Found goal with cost 14!
	Num Expansions = 492 nodes

Moves for Agent 0
Northwest
Northwest
Northwest
Southwest
West
Northwest
West
Southwest
Southwest
Northwest
Southwest
Southwest
West
Southwest
Group 1
   Agent: 1	541 522 503 484 463 443 424 404 383 362 343 322 301 281 260 
Found goal with cost 11!
	Num Expansions = 168 nodes

Moves for Agent 0
East
Northeast
East
Northeast
Northeast
Northeast
North
Northeast
Northeast
North
Northwest
Group 2
   Agent: 2	321 341 362 382 403 424 445 446 467 488 489 470 
	Total Nodes Expanded: 712
	Total Time 0s
grid path= t1_g4.txt	 agent path= t1_a4.txt
001011101101011011100010101110
011011011101110101001111100111
111101111101001101111100011101
101110001010000001110101101100
101010110101101111001111011111
011100010111110110001100100101
101111011101010100110110111101
100110111110111111011011010010
001101101100111110011110110100
101001111111010001111000011111
111101100111111011111000101111
101111001110110110110110000111
000001100011111101101001110110
011111111111101011000110101110
111011101010010111111010011010
111000010010101011011010000000
101111011110010011010001011000
111110100011100101111111110000
010011101111101010111010111010
111100000101011100011011101011
Found path for 0
Found path for 2
Checked solutions OK
Found goal with cost 21!
	Num Expansions = 1118 nodes

Moves for Agent 0
West
Northwest
Northwest
West
Southwest
West
Southwest
Southwest
West
Southwest
West
Southwest
West
West
West
Northwest
Northwest
Northwest
Northwest
Northwest
North
Group 0
   Agent: 0	595 575 556 537 517 496 476 455 434 414 393 373 352 332 312 292 273 254 235 216 197 198 
Found goal with cost 18!
	Num Expansions = 1037 nodes

Moves for Agent 0
Southwest
Northwest
Southwest
Northwest
West
Northwest
Southwest
Southwest
West
Southwest
Southwest
Southwest
South
Southwest
West
West
Southwest
Southwest
Group 1
   Agent: 1	352 331 312 291 272 252 233 212 191 171 150 129 108 107 86 66 46 25 4 
Found goal with cost 11!
	Num Expansions = 318 nodes

Moves for Agent 0
East
Northeast
Southeast
Southeast
Northeast
East
Northeast
East
Northeast
East
East
Group 2
   Agent: 2	376 396 417 436 455 476 496 517 537 558 578 598 
	Total Nodes Expanded: 2473
	Total Time 0s
grid path= t1_g5.txt	 agent path= t1_a5.txt
111111010010101010111111100110
111000101101101100100101110110
010001110101011000001101010111
101101110001001110111110110111
110100110111000110011111111011
001010100101110110010110111110
111101111110001110000000000110
100101100010110110111010111100
001111001111101000101010001101
001110100100110000011111110111
110110110111110101010001010000
011111110111110101010011001110
111111101101111100000101100011
011101100111001011111000110101
110111110101111001011001111101
010010110011001110000011011011
011010000101001000001111100100
001101010010100100100110101011
001010011111001100001000011100
110000110111001101100011111101
Found path for 0
Found path for 2
Checked solutions OK
Found goal with cost 25!
	Num Expansions = 1025 nodes

Moves for Agent 0
Southwest
South
South
South
Southwest
South
Southeast
Southeast
South
Southeast
Southeast
East
Southeast
East
East
Southeast
Northeast
Northeast
Northeast
Southeast
Southeast
Southwest
Southwest
Southwest
West
Group 0
   Agent: 0	258 237 236 235 234 213 212 231 250 249 268 287 307 326 346 366 385 406 427 448 467 486 465 444 423 403 
Found goal with cost 6!
	Num Expansions = 114 nodes

Moves for Agent 0
Southwest
South
Southwest
Southwest
Southwest
West
Group 1
   Agent: 1	291 270 269 248 227 206 186 
Found goal with cost 4!
	Num Expansions = 67 nodes

Moves for Agent 0
Northeast
East
Northeast
East
Group 2
   Agent: 2	66 87 107 128 148 
	Total Nodes Expanded: 1206
	Total Time 0s
grid path= t1_g6.txt	 agent path= t1_a6.txt
110001110000001111001110101011
110011100100011010110100000110
111110010111110000010101001110
001111111011001111010111101101
110011010110110010111010101110
100111100100001111111110001110
001101010111011100111011001111
011011100111100101101111011111
001101011101000011010001011111
101111010001101000101111011101
111001100111111011011111011111
111110110001101011001011111110
101011011110011111011110000101
000110110011101101110011110101
010111011010011111011100011110
011111000000001011101111110010
100000101100011111110100100101
110111101001100110111101101101
010000111011100111110100011110
111011010110010110101001100000
Found path for 0
Found path for 2
Checked solutions OK
Found goal with cost 15!
	Num Expansions = 1035 nodes

Moves for Agent 0
Southeast
South
Southwest
Southwest
Southeast
Southwest
Southwest
South
South
South
Southeast
South
Southwest
West
Southwest
Group 0
   Agent: 0	97 116 115 94 73 92 71 50 49 48 47 66 65 44 24 3 
Found goal with cost 8!
	Num Expansions = 211 nodes

Moves for Agent 0
South
Southeast
Southeast
South
South
South
Southwest
South
Group 1
   Agent: 1	194 193 212 231 230 229 228 207 206 
Found goal with cost 12!
	Num Expansions = 252 nodes

Moves for Agent 0
Northeast
Northwest
Northwest
Northwest
Northwest
Northwest
West
Northwest
West
West
Northwest
Northwest
Group 2
   Agent: 2	320 341 322 303 284 265 246 226 207 187 167 148 129 
	Total Nodes Expanded: 1498
	Total Time 0s
grid path= t1_g7.txt	 agent path= t1_a7.txt
001001100110111011111101011111
011000110010000111101101100111
101110010111101000011111111000
001110100110111010101001001101
101011101100001111110111101110
111011011110000111111100101111
000101110111110111100111111110
111110001110100111011101110101
110111000110111111001110100110
111001111111001011011110000100
110100110111011001110110111101
101000111010111011101111101110
111010110101111101101111111110
001011001000011111001111001100
011101010101001100100111011010
100010111010110100011011011010
011101011100010110100101110000
100100010100110001100100101011
111100011101111100110111011110
101110000101010111011110100011
Found path for 0
Found path for 2
Checked solutions OK
Found goal with cost 10!
	Num Expansions = 279 nodes

Moves for Agent 0
Southwest
Southwest
South
Southeast
Southeast
Southwest
Southwest
South
South
Southwest
Group 0
   Agent: 0	311 290 269 268 287 306 285 264 263 262 241 
Found goal with cost 20!
	Num Expansions = 992 nodes

Moves for Agent 0
Southeast
Southwest
South
South
Southeast
Southeast
Southwest
Southeast
Southeast
Southeast
South
South
Southwest
Southeast
Southeast
East
Southeast
South
South
Southeast
Group 1
   Agent: 1	299 318 297 296 295 314 333 312 331 350 369 368 367 346 365 384 404 423 422 421 440 
Found goal with cost 11!
	Num Expansions = 90 nodes

Moves for Agent 0
West
Northwest
Northwest
Northwest
Northwest
Northwest
West
Northwest
Northwest
Southwest
Southwest
Group 2
   Agent: 2	362 342 323 304 285 266 247 227 208 189 168 147 
	Total Nodes Expanded: 1361
	Total Time 0s
grid path= t1_g8.txt	 agent path= t1_a8.txt
001110111111110101011110101101
011100101011111111000001011101
010000000101011010010101100100
110010101011001111110101010111
010110011011000001010111010000
000111111101011011000001110111
110110110101011111000101001011
111010010010011101001100011010
011011110010111001110101100101
110000001001110011001110101100
101011010101100111100111111000
000101001010011011110000101001
001010101100011000011010111111
000100000111000110100000011100
101011110001010011010010001111
011111010011110011111111111111
111011011011000101100110000101
111010011101110010001111011101
101000010101001011010010111010
111111101001011010100110001100
Found path for 0
Found path for 2
Checked solutions OK
Found goal with cost 16!
	Num Expansions = 309 nodes

Moves for Agent 0
Northeast
Northwest
Northwest
North
Northeast
East
Northeast
Southeast
Southeast
Northeast
East
Northeast
Northeast
Northwest
West
Southwest
Group 0
   Agent: 0	366 387 368 349 350 371 391 412 431 450 471 491 512 533 514 494 473 
Found goal with cost 11!
	Num Expansions = 177 nodes

Moves for Agent 0
West
West
Northwest
North
Northeast
North
North
Northwest
Northeast
Northwest
North
Group 1
   Agent: 1	270 250 230 211 212 233 234 235 216 237 218 219 
Found goal with cost 13!
	Num Expansions = 88 nodes

Moves for Agent 0
South
Southwest
South
Southeast
South
Southwest
Southwest
Southeast
Southeast
South
South
Southeast
East
Group 2
   Agent: 2	234 233 212 211 230 229 208 187 206 225 224 223 242 262 
Conflict at t = 3. Value is 211
Conflict found between Group 1 and 2Found goal with cost 16!
	Num Expansions = 309 nodes

Moves for Agent 0
Northeast
Northwest
Northwest
North
Northeast
East
Northeast
Southeast
Southeast
Northeast
East
Northeast
Northeast
Northwest
West
Southwest
Group 0
   Agent: 0	366 387 368 349 350 371 391 412 431 450 471 491 512 533 514 494 473 
Found goal with cost 13!
	Num Expansions = 67843 nodes

Moves for Agent 0
North
Northeast
Northeast
Northeast
Northeast
Northwest
West
Northwest
West
Northwest
North
West
West

Moves for Agent 1
South
Southwest
South
Southeast
South
Southwest
Southwest
Southeast
Southeast
South
South
Southeast
East
Group 1
   Agent: 1	270 271 292 313 334 355 336 316 297 277 258 259 239 219 
   Agent: 2	234 233 212 211 230 229 208 187 206 225 224 223 242 262 
	Total Nodes Expanded: 68726
	Total Time 1s
grid path= t1_g9.txt	 agent path= t1_a9.txt
011101001011111010110101110001
101110011101001011101110011101
000101100110100111001111011111
111111111111010100010101010000
111001101001100010101101111011
111010010001011111100010011010
101001111011100001110101100100
101001011100110101111010100010
110011001001001111000101101000
110010111110110111010010101000
111010111111111101111110010111
010100110000100101111010101110
111101001111001110011101100110
110111111000001101011011000011
011011111001000010101101010111
111101001000000101110101111110
110111111001111101100111011111
110111101000001101110110010101
011111101011101101101111011100
111011111101010011100001011001
Found path for 0
Found path for 2
Checked solutions OK
Found goal with cost 17!
	Num Expansions = 116 nodes

Moves for Agent 0
South
Southeast
Southeast
Southeast
Southeast
Southeast
East
Southeast
South
Southeast
Northeast
East
East
Southeast
Northeast
North
Northwest
Group 0
   Agent: 0	29 28 47 66 85 104 123 143 162 161 180 201 221 241 260 281 282 263 
Found goal with cost 24!
	Num Expansions = 2038 nodes

Moves for Agent 0
Northeast
Northwest
Northeast
North
Northwest
Northwest
Northwest
Northwest
Northwest
Southwest
West
West
Northwest
Northwest
North
Northwest
North
Northwest
Northwest
West
Northwest
Southwest
West
West
Group 1
   Agent: 1	341 362 343 364 365 346 327 308 289 270 249 229 209 190 171 172 153 154 135 116 96 77 56 36 16 
Found goal with cost 15!
	Num Expansions = 238 nodes

Moves for Agent 0
East
East
Northeast
Northeast
East
Northeast
Northeast
Northeast
Northeast
Southeast
East
Northeast
Northeast
Northeast
North
Group 2
   Agent: 2	187 207 227 248 269 289 310 331 352 373 392 412 433 454 475 476 
	Total Nodes Expanded: 2392
	Total Time 0s
###############################################
Solved 10/10 instances
Instance 0
	Grid x=30, y=20
	Num agents = 3
	Time = 0s
	Collisions = 0
	Num expansions = 560
Instance 1
	Grid x=30, y=20
	Num agents = 3
	Time = 0s
	Collisions = 0
	Num expansions = 3159
Instance 2
	Grid x=30, y=20
	Num agents = 3
	Time = 0s
	Collisions = 0
	Num expansions = 2314
Instance 3
	Grid x=30, y=20
	Num agents = 3
	Time = 0s
	Collisions = 0
	Num expansions = 712
Instance 4
	Grid x=30, y=20
	Num agents = 3
	Time = 0s
	Collisions = 0
	Num expansions = 2473
Instance 5
	Grid x=30, y=20
	Num agents = 3
	Time = 0s
	Collisions = 0
	Num expansions = 1206
Instance 6
	Grid x=30, y=20
	Num agents = 3
	Time = 0s
	Collisions = 0
	Num expansions = 1498
Instance 7
	Grid x=30, y=20
	Num agents = 3
	Time = 0s
	Collisions = 0
	Num expansions = 1361
Instance 8
	Grid x=30, y=20
	Num agents = 3
	Time = 1s
	Collisions = 1
	Num expansions = 68726
Instance 9
	Grid x=30, y=20
	Num agents = 3
	Time = 0s
	Collisions = 0
	Num expansions = 2392
###############################################
Average Node exp = 8440.10
	Min = 560	Max = 68726
Average solution time = 0.10
	Min = 0.00	Max = 1
