grid path= t1_g0.txt	 agent path= t1_a0.txt
010101110010111101000110101001
001010000110101001111101100111
100111110100101110110101111010
011110101010110111011111111001
010110011111101010010010110110
011101010100111001110110111101
101111000001111010111011011010
111100111100011110001011101011
101111100101101010101011111011
011010001000010011001111110101
000100111011000101011010101110
010010011010100110110110110011
001111010111111101100001111110
111011101111100011001101011001
111111100101100001000101100010
111011111001110111110100110011
101011111010011001111011111011
101110100100110011010101111000
111011101011100101111110001110
111100110100110100111110101101
001101011110001011000100010001
111100110011001011111111110001
010011111111011111010100011101
111100011010111110010010001101
010000110110110111100100000111
011010001111010001001010101101
011100101100011111110110100000
001111001110110110001010110000
011110111001011011111111011000
100101111110101010001110010001
Found path for 0
Found path for 2
Checked solutions OK
Found goal with cost 11!
	Num Expansions = 88 nodes

Moves for Agent 0
Southwest
Southwest
South
Southwest
West
Southwest
Southwest
West
Southwest
Southwest
South
Group 0
   Agent: 0	797 766 735 734 703 673 642 611 581 550 519 518 
Found goal with cost 7!
	Num Expansions = 41 nodes

Moves for Agent 0
East
Southeast
South
Southeast
Southeast
Southeast
Southeast
Group 1
   Agent: 1	157 187 216 215 244 273 302 331 
Found goal with cost 25!
	Num Expansions = 461 nodes

Moves for Agent 0
Southwest
Southeast
South
Southeast
Southeast
East
Southeast
Southeast
South
Southeast
Southeast
South
Southeast
South
South
Southeast
Southeast
Southeast
Southeast
East
Southeast
South
South
South
South
Group 2
   Agent: 2	479 448 477 476 505 534 564 593 622 621 650 679 678 707 706 705 734 763 792 821 851 880 879 878 877 876 
Found goal with cost 18!
	Num Expansions = 248 nodes

Moves for Agent 0
Southwest
Southwest
Southwest
Southwest
South
Southeast
Southwest
Southwest
Southwest
South
Southwest
South
Southwest
South
Southwest
Southwest
West
Southwest
Group 3
   Agent: 3	650 619 588 557 526 525 554 523 492 461 460 429 428 397 396 365 334 304 273 
	Total Nodes Expanded: 838
	Total Time 0s
grid path= t1_g1.txt	 agent path= t1_a1.txt
101110110000111011010111011111
111001000101110110011011010001
101011001110110110110101111111
101110110111010111011101001001
001101000111111101011100101010
101010011001010001110000100110
001111111111111110110001100010
011110100011110111110100111111
011101001111101100111101101111
001001011111011111011111111001
001001111010011010011111110011
011110110111110011101001111110
101110101110110100010100111011
110100111011001111001011100011
011010111110100010111110000100
001000010011011110110101101011
011001010110001011100110010010
000000011111111011111000110011
111101011011001000110011010011
001011110101001100011110110011
111100011110110001111011101001
010101111000011001011010101111
111001110111100101011110110111
111111101111101011001110110111
101101010110111101111011110011
100000110011101111101111111001
001001100010100111000111101111
001111101001010111011100011100
111110101001010101011111010100
111001100010110101001101101111
Found path for 0
Cannot solve instance 1
grid path= t1_g2.txt	 agent path= t1_a2.txt
111110011101110101111000110111
010111011001100110111110110000
101010101001010100001100111100
010101100110110001110001110111
010110101100111110101111110010
101010000001011000111110101101
101010100101111111110011111011
101011110111010100111111111001
010001011100001010011011100001
011010111110010111011111011110
010111110110100101111101000110
001101000011111111011110111110
110111101100011110000111110101
111011110111010101101111001011
010000001101111010101100010011
010110101111101111101110001111
101000110010111110111110011010
011011010111110000111011110101
111111110111010011101110110100
111100000100110100001111001001
011000111010111110101011111010
110101110011100011111101011001
001100010010011001001111111101
111110010001010010101111110111
001011111100110110010011001111
111011001011011011011111111100
110101101100111111111010111110
101100101111100111100100110111
110110011001010110110101110000
111101010110010111011001011110
Found path for 0
Found path for 2
Checked solutions OK
Found goal with cost 21!
	Num Expansions = 1085 nodes

Moves for Agent 0
East
Northeast
Northeast
Northeast
East
Northeast
East
Northeast
East
East
Southeast
East
Northeast
Northeast
Northeast
East
Northeast
Northeast
East
East
Northeast
Group 0
   Agent: 0	219 249 280 311 342 372 403 433 464 494 524 553 583 614 645 676 706 737 768 798 828 859 
Found goal with cost 17!
	Num Expansions = 175 nodes

Moves for Agent 0
Southwest
Southwest
Southeast
Southeast
Southeast
Southeast
Southeast
South
Southeast
Southeast
Southeast
Southwest
Southeast
South
South
Southeast
Southeast
Group 1
   Agent: 1	230 199 168 197 226 255 284 313 312 341 370 399 368 397 396 395 424 453 
Found goal with cost 30!
	Num Expansions = 1944 nodes

Moves for Agent 0
Southeast
South
Southwest
West
Northwest
Northwest
Northwest
West
Northwest
West
Northwest
Northwest
Northwest
Northwest
Northwest
Northwest
Northwest
Northwest
West
West
Northwest
Northwest
West
Northwest
Northwest
West
Northwest
North
North
Northeast
Group 2
   Agent: 2	849 878 877 846 816 787 758 729 699 670 640 611 582 553 524 495 466 437 408 378 348 319 290 260 231 202 172 143 144 145 176 
Found goal with cost 14!
	Num Expansions = 154 nodes

Moves for Agent 0
Southeast
East
Southeast
Northeast
Northeast
Northeast
Northeast
East
Northeast
Northeast
Northeast
Northeast
East
Northeast
Group 3
   Agent: 3	336 365 395 424 455 486 517 548 578 609 640 671 702 732 763 
Conflict at t = 10. Value is 640
Conflict found between Group 2 and 3Found goal with cost 21!
	Num Expansions = 1085 nodes

Moves for Agent 0
East
Northeast
Northeast
Northeast
East
Northeast
East
Northeast
East
East
Southeast
East
Northeast
Northeast
Northeast
East
Northeast
Northeast
East
East
Northeast
Group 0
   Agent: 0	219 249 280 311 342 372 403 433 464 494 524 553 583 614 645 676 706 737 768 798 828 859 
Found goal with cost 17!
	Num Expansions = 175 nodes

Moves for Agent 0
Southwest
Southwest
Southeast
Southeast
Southeast
Southeast
Southeast
South
Southeast
Southeast
Southeast
Southwest
Southeast
South
South
Southeast
Southeast
Group 1
   Agent: 1	230 199 168 197 226 255 284 313 312 341 370 399 368 397 396 395 424 453 
