grid path= t1_g0.txt	 agent path= t1_a0.txt
011001001101001111101011011100
111011010100010100101110111111
111111001011011100011011101011
101111010110000011110001111100
101011111100011111101110011110
000000011111111101010010110010
110011101010001110111111111111
001000110110001001010101110111
101101110111000011111011011000
111001111011100101111110001111
101000101100101111001101111010
111000110101010101100111001010
010101101111101011110010101100
001111111101001000011100101011
101100101111110101011111101011
111110011110011101111110101011
010111101010111111110101110101
110110011111110010100011111101
001011101111000011111110001101
111000001111010110011101111111
110110100011101001111101111111
100100010001011111101110110101
110101011001101110001101011110
110000111100111110011101110111
001101111011100111011011111110
011100100011101110100111101111
111001100111011110101010111011
001111011000100001001010101111
110101101010010110001010011111
011010000001101101111001111110
Found path for 0
Found path for 2
Checked solutions OK
Found goal with cost 7!
	Num Expansions = 159 nodes

Moves for Agent 0
Northwest
West
Northwest
North
Northwest
West
Northwest
Group 0
   Agent: 0	871 842 812 783 784 755 725 696 
Found goal with cost 8!
	Num Expansions = 245 nodes

Moves for Agent 0
Southeast
East
Southeast
East
East
Northeast
Southeast
Southeast
Group 1
   Agent: 1	492 521 551 580 610 640 671 700 729 
Found goal with cost 27!
	Num Expansions = 2011 nodes

Moves for Agent 0
Northeast
North
Northwest
Northwest
North
North
Northeast
Northwest
Northeast
Northwest
Northwest
Northwest
Northeast
Northwest
North
Northeast
Northeast
Northeast
Northeast
Northeast
Northwest
Northwest
North
Northwest
Northwest
West
Northwest
Group 2
   Agent: 2	512 543 544 515 486 487 488 519 490 521 492 463 434 465 436 437 468 499 530 561 592 563 534 535 506 477 447 418 
Found goal with cost 19!
	Num Expansions = 477 nodes

Moves for Agent 0
Northeast
Northwest
North
North
Northwest
Northwest
Northwest
Northeast
North
Northwest
Northwest
Northwest
Northwest
Northwest
Northwest
Northwest
Northwest
West
Northwest
Group 3
   Agent: 3	488 519 490 491 492 463 434 405 436 437 408 379 350 321 292 263 234 205 175 146 
	Total Nodes Expanded: 2892
	Total Time 0s
grid path= t1_g1.txt	 agent path= t1_a1.txt
110001110100101110011011110001
011111111010111111110011111111
110001011111110110110101111000
110110110101100011000110100111
100110101011111111010010001110
000000111101001001101111010110
011000111111001100001101110000
100111011101010111111101010101
101110101101101111000001110000
011001010000001111101111101110
001111010010000001001110001010
011001111101111111101110111111
111111011100110010100101011111
111110001100111010101111110110
101100011011101110110110101101
111111111100010111110011101110
111001001110111110111001011000
111110001110011000011101101110
111010001110111111111010101110
011001000101110000100111001110
101101101110001101110111101001
010100101101111000001101101100
100110011011000011010111100101
000001011110111101101000110010
011000001100011111111011101110
011101001110100010100000010001
000111011100110110010111110111
111111111100111011011111101111
110011111101110100110101111100
110001101010000101100011111100
Found path for 0
Found path for 2
Checked solutions OK
Found goal with cost 20!
	Num Expansions = 1086 nodes

Moves for Agent 0
West
Southwest
Southwest
West
Northwest
Northwest
Southwest
Southwest
Southwest
Southwest
West
West
Southwest
Southwest
Southwest
Southwest
West
Northwest
Northwest
Northeast
Group 0
   Agent: 0	858 828 797 766 736 707 678 647 616 585 554 524 494 463 432 401 370 340 311 282 313 
Found goal with cost 6!
	Num Expansions = 71 nodes

Moves for Agent 0
Northeast
Northeast
East
East
East
Northeast
Group 1
   Agent: 1	136 167 198 228 258 288 319 
Found goal with cost 11!
	Num Expansions = 257 nodes

Moves for Agent 0
East
Northeast
Northeast
Northeast
East
Northeast
Southeast
Southeast
Northeast
Southeast
Southeast
Group 2
   Agent: 2	340 370 401 432 463 493 524 553 582 613 642 671 
Found goal with cost 28!
	Num Expansions = 1152 nodes

Moves for Agent 0
Southwest
Southwest
South
Southeast
Southeast
Southeast
Southwest
South
South
Southwest
Southwest
South
South
Southeast
South
Southeast
South
Southwest
South
Southwest
Southwest
Southwest
Southwest
Southwest
Southwest
Southwest
Southwest
Southwest
Group 3
   Agent: 3	719 688 657 656 685 714 743 712 711 710 679 648 647 646 675 674 703 702 671 670 639 608 577 546 515 484 453 422 391 
	Total Nodes Expanded: 2566
	Total Time 0s
grid path= t1_g2.txt	 agent path= t1_a2.txt
001011101110000011101111011101
011001000101101001011011111011
110010101101011011011001001011
101110110100100001011111111011
111000111011001011101000110011
010000010011001011011110111111
110111111111111011100100110110
010101011010110101111100101000
000111000110111011111010001110
111111001001101110011011111111
101001110101011011111111110101
011100111110111110011011111101
011010001101111110100111111001
110011100100111000111100101011
111101111000110010001111001101
100101000101101111110010000100
100100111100111111111110001101
110101011111111111110110101111
110010010000101011101111111011
111001101111011001101100111100
010010111001011111111010101100
111000001110010011110101001010
110110110010101011100111100011
111111010111111111101111001001
101001101111011001011101011100
110001001101010100100001101111
110000111101101111110101100001
111010111110110011011010111000
000100111111110011111101100101
110101111001001111110010001010
Found path for 0
Found path for 2
Checked solutions OK
Found goal with cost 2!
	Num Expansions = 17 nodes

Moves for Agent 0
East
Southeast
Group 0
   Agent: 0	755 785 814 
Found goal with cost 19!
	Num Expansions = 1096 nodes

Moves for Agent 0
Southwest
Northwest
Northwest
Northeast
Northwest
Northwest
Northeast
Northwest
Northeast
Northwest
Northwest
Northwest
Northwest
Northwest
Northeast
Northeast
Northwest
Northwest
Northeast
Group 1
   Agent: 1	633 602 573 544 575 546 517 548 519 550 521 492 463 434 405 436 467 438 409 440 
Found goal with cost 16!
	Num Expansions = 955 nodes

Moves for Agent 0
Southeast
Southwest
Southeast
South
Southwest
Southwest
Southwest
Southwest
Southwest
Northwest
Southwest
South
Southwest
South
Southwest
South
Group 2
   Agent: 2	620 649 618 647 646 615 584 553 522 491 462 431 430 399 398 367 366 
Found goal with cost 16!
	Num Expansions = 299 nodes

Moves for Agent 0
Southwest
South
Southwest
Southwest
South
Southwest
Southwest
Southwest
Southwest
Southwest
Southwest
Southwest
Southwest
South
Southwest
South
Group 3
   Agent: 3	896 865 864 833 802 801 770 739 708 677 646 615 584 553 552 521 520 
	Total Nodes Expanded: 2367
	Total Time 0s
grid path= t1_g3.txt	 agent path= t1_a3.txt
101101010001011101100110110100
001001111001110110101100101110
011110110000011011001101000010
110000111101111101011111111010
101001111100001110110001111111
111001001111110101110011111111
110101011110111111010001010111
111111001001010111101101101100
000010110110011010111011110011
110101111001010001010110110011
000111011111110011111000010111
101111000110000111011011010101
000101001011011000100011111100
101011010011111101111011000101
111001011111110100101010100101
010010010110101011110010111100
111000000010110011010111100110
110111101101001100100000111110
000111001111111111100111111010
111110100011110000110111000100
101110001000111010111110111110
101001101100101001111111110000
010110100001101101110001011010
010101111000100100111101001010
111111111100011111111100011001
101100110110110001100000111100
110110100010111111100110101111
111000101101101101010111100011
011110111101111101111100011001
111001111110111111011001010101
Found path for 0
Found path for 2
Checked solutions OK
Found goal with cost 9!
	Num Expansions = 112 nodes

Moves for Agent 0
North
North
Northeast
Northeast
Northeast
Northeast
Northeast
Northeast
North
Group 0
   Agent: 0	373 374 375 406 437 468 499 530 561 562 
Found goal with cost 1!
	Num Expansions = 7 nodes

Moves for Agent 0
Southwest
Group 1
   Agent: 1	282 251 
Found goal with cost 22!
	Num Expansions = 1037 nodes

Moves for Agent 0
Northeast
East
East
Southeast
Southeast
Southeast
Southeast
Southeast
Northeast
East
Southeast
Southeast
Southeast
Southeast
South
Southeast
Southeast
East
Northeast
Northeast
Northeast
North
Group 2
   Agent: 2	139 170 200 230 259 288 317 346 375 406 436 465 494 523 552 551 580 609 639 670 701 732 733 
Found goal with cost 6!
	Num Expansions = 88 nodes

Moves for Agent 0
Northwest
North
Northeast
North
Northeast
North
Group 3
   Agent: 3	370 341 342 373 374 405 406 
	Total Nodes Expanded: 1244
	Total Time 0s
grid path= t1_g4.txt	 agent path= t1_a4.txt
011101010110011101010111101100
001110010011111101011110101100
111001111100101001111110001001
000110101011011001010001001000
000101101001110010100101100111
101001010111010101111111111011
101100111101110011110001010100
101010110111110011111000111101
011011110110111101111110110010
101010010111111011111110011101
101101011000110010011111100001
010001110110101101011001110000
000111000011110000100101110011
101111111000101101110101111000
001110001011101111111110011111
110101110011111001100011100011
001111011111001101011001011001
010101111000110101110001001110
001110111010000101001110010110
111111110110011010110001100111
110100001111111000111101110011
101111110110010011010100100011
101101101111101001111110010110
010110010110111011100110001110
100011010010001111001100001011
111010111101011111101110000111
111000010110001111000000111110
001111100111000001101011100100
101111100100110101010110101010
110000111111011101110011101101
Found path for 0
Found path for 2
Checked solutions OK
Found goal with cost 11!
	Num Expansions = 276 nodes

Moves for Agent 0
Northwest
Southwest
Northwest
Northwest
North
North
Northeast
North
Northeast
North
Northwest
Group 0
   Agent: 0	631 602 571 542 513 514 515 546 547 578 579 550 
Found goal with cost 16!
	Num Expansions = 558 nodes

Moves for Agent 0
Northwest
Northeast
Northeast
North
Northeast
North
North
Northwest
North
North
Northwest
Northeast
East
Northeast
Northeast
Northeast
Group 1
   Agent: 1	396 367 398 429 430 461 462 463 434 435 436 407 438 468 499 530 561 
Found goal with cost 19!
	Num Expansions = 1015 nodes

Moves for Agent 0
East
Southeast
Southeast
Southwest
Southeast
Southeast
Southwest
South
Southwest
Southeast
South
Southeast
Southeast
South
Southeast
Southeast
South
South
Southeast
Group 2
   Agent: 2	83 113 142 171 140 169 198 167 166 135 164 163 192 221 220 249 278 277 276 305 
Found goal with cost 16!
	Num Expansions = 489 nodes

Moves for Agent 0
Southeast
East
Northeast
Northeast
Northeast
Northeast
Northeast
Northeast
Northwest
Northeast
Northeast
Northeast
Northeast
Northeast
North
Northwest
Group 3
   Agent: 3	131 160 190 221 252 283 314 345 376 347 378 409 440 471 502 503 474 
	Total Nodes Expanded: 2338
	Total Time 1s
grid path= t1_g5.txt	 agent path= t1_a5.txt
011001110111001110101101111000
110010110001110100100101111011
111001111011101111001100110100
011101111010111100111110100110
000011100101111101001111000000
101010101100100010101111111101
111111100111110101100011111101
011101110101110010101001001111
010011010100010001001011101111
110101111100100111001111000010
111011111011110110101010101011
001011111100110010011000101101
100110011110111001100011001010
000100110100011110101110111100
111101001100111111111111111101
100110101111010111011000001000
011110101111011101111011000101
101010010100100000011111110001
111011011010100101111011010001
011011101000110101100100011011
110111111001111100101111000011
011110010111111011110111001011
001100011110111011010110111011
001110011011101111101001111001
111010001010100011101111010011
010011111111110111110111110011
000100111111100100101101010110
010011110100010000010101011110
100100010111110110111001010111
100101101111111010111100000101
Found path for 0
Found path for 2
Checked solutions OK
Found goal with cost 26!
	Num Expansions = 2129 nodes

Moves for Agent 0
South
South
South
Southwest
Southeast
South
Southwest
Southwest
Southwest
Northwest
Northwest
West
Northwest
Southwest
Southwest
Northwest
West
Northwest
West
Northwest
Northwest
West
West
Northwest
West
Southwest
Group 0
   Agent: 0	881 880 879 878 847 876 875 844 813 782 753 724 694 665 634 603 574 544 515 485 456 427 397 367 338 308 277 
Found goal with cost 11!
	Num Expansions = 265 nodes

Moves for Agent 0
South
South
Southwest
Northwest
Northwest
Southwest
West
West
Northwest
Northeast
North
Group 1
   Agent: 1	748 747 746 715 686 657 626 596 566 537 568 569 
Found goal with cost 21!
	Num Expansions = 1032 nodes

Moves for Agent 0
Southwest
Northwest
Northwest
Northwest
West
West
Northwest
Northwest
Southwest
West
Southwest
Northwest
West
Northwest
West
Southwest
West
Northwest
West
Northwest
Northwest
Group 2
   Agent: 2	813 782 753 724 695 665 635 606 577 546 516 485 456 426 397 367 336 306 277 247 218 189 
Found goal with cost 11!
	Num Expansions = 140 nodes

Moves for Agent 0
East
East
Southeast
South
Southeast
Southeast
East
Southeast
Southeast
Northeast
Southeast
Group 3
   Agent: 3	283 313 343 372 371 400 429 459 488 517 548 577 
	Total Nodes Expanded: 3566
	Total Time 0s
grid path= t1_g6.txt	 agent path= t1_a6.txt
000110111100010001100111100111
001111011011101100101010010100
011111011110100110100000101110
101110001110001010101101110010
100111111001111101101101010111
000101011110110111001100110110
110100110110111001000011001010
011011110111101010101110111111
011001100111110101111110110100
101011000011111000111110111101
010110111110101000110101101001
101011111001110111110111000110
010111100111010001100110110000
111010111101001011011001101111
011100111010011110111111001111
111110011101101110001001101110
110011100001001101101111110101
011100001100111011011011010111
011111111110011001011011110010
111100111010100001010000001010
101001100100000111011011100110
011110101011101101101111111101
101100100011110100011110011100
100000001110010111101111001001
101100101000001100010001101111
001001010111111001101001010111
100000101000111101011001100101
111010000010110110111111001101
101110001111011011101110101001
010010111100010011010011101110
Found path for 0
Found path for 2
Checked solutions OK
Found goal with cost 7!
	Num Expansions = 75 nodes

Moves for Agent 0
Southeast
Southeast
Southeast
Southeast
Southwest
Southeast
Southeast
Group 0
   Agent: 0	419 448 477 506 535 504 533 562 
Found goal with cost 17!
	Num Expansions = 491 nodes

Moves for Agent 0
West
West
West
Northwest
Northwest
West
Northwest
West
Northwest
Northwest
Northwest
Northwest
Northwest
West
Northwest
Southwest
Southwest
Group 1
   Agent: 1	705 675 645 615 586 557 527 498 468 439 410 381 352 323 293 264 233 202 
Found goal with cost 10!
	Num Expansions = 281 nodes

Moves for Agent 0
Southwest
Northwest
Southwest
West
West
Southwest
Southwest
Northwest
Southwest
South
Group 2
   Agent: 2	506 475 446 415 385 355 324 293 264 233 232 
Found goal with cost 17!
	Num Expansions = 614 nodes

Moves for Agent 0
Northwest
West
West
Southwest
Northwest
Southwest
Northwest
West
Northwest
Southwest
West
Southwest
Northwest
West
West
Northwest
Northeast
Group 3
   Agent: 3	757 728 698 668 637 608 577 548 518 489 458 428 397 368 338 308 279 310 
	Total Nodes Expanded: 1461
	Total Time 0s
grid path= t1_g7.txt	 agent path= t1_a7.txt
110000011111111000111011001101
111011111101101000011100001101
011000110111000111101110110111
111111111011010111100100111101
110111000110011001110111101110
000000010000111101011110110101
111000010101111111111011000110
000101011110000010010101011101
101101111011111001000000111111
000111100101110110011001111111
011110110011100011001000110011
110000010000011010111100101110
111101111011011011000101001010
111101100001001110110111000111
111101110111011001111111111100
110011111101000110100011000111
111011111110111101011011110111
101001110100111000011010011100
000111011111010001101111101011
010100110000001110111010111101
110111100111110101100100010011
111110111111011011010010011010
011011101010000101011100011111
111101001101010110011101101001
110011101011011110101101111101
110110001101100010111101111111
111100010000001101001011111101
110101110011111000111011111100
010111111010110001111011111111
111001111010010111110111001010
Found path for 0
Found path for 2
Checked solutions OK
Found goal with cost 25!
	Num Expansions = 1039 nodes

Moves for Agent 0
Southwest
Southeast
Southwest
South
Southeast
Southeast
South
Southwest
Southwest
Southwest
West
Southwest
West
Southwest
Southwest
Northwest
Southwest
Southwest
Southwest
Southeast
Southwest
West
Southwest
Southwest
Southeast
Group 0
   Agent: 0	746 715 744 713 712 741 770 769 738 707 676 646 615 585 554 523 494 463 432 401 430 399 369 338 307 336 
Found goal with cost 26!
	Num Expansions = 2020 nodes

Moves for Agent 0
South
Southeast
Southeast
South
Southeast
South
Southeast
Southeast
Southwest
South
Southwest
Southwest
Southeast
South
Southeast
Southeast
Southwest
Southeast
South
Southeast
Southeast
Southwest
Southwest
South
Southeast
Southwest
Group 1
   Agent: 1	628 627 656 685 684 713 712 741 770 739 738 707 676 705 704 733 762 731 760 759 788 817 786 755 754 783 752 
Found goal with cost 25!
	Num Expansions = 1157 nodes

Moves for Agent 0
Northeast
Northeast
Northeast
East
Southeast
Northeast
East
Northeast
Southeast
Southeast
South
Southwest
West
Southwest
Southwest
Southwest
West
West
Southwest
Southwest
South
Southeast
Southwest
South
Southeast
Group 2
   Agent: 2	175 206 237 268 298 327 358 388 419 448 477 476 445 415 384 353 322 292 262 231 200 199 228 197 196 225 
Found goal with cost 7!
	Num Expansions = 124 nodes

Moves for Agent 0
North
Northwest
West
West
West
Southwest
Northwest
Group 3
   Agent: 3	662 663 634 604 574 544 513 484 
	Total Nodes Expanded: 4340
	Total Time 0s
grid path= t1_g8.txt	 agent path= t1_a8.txt
100111011110011111110111111100
110111110111010001111111111100
100101111000101111011011110100
110111001111000111011100111100
111110101101010100011111111111
101110101101001100111111110111
111011100100111100011010011010
011111110001010111000101111101
000001110000111011010100111111
111110100011111101101101110111
101110010010000110000000000011
111110110000100110110111101110
011101100010100111010111101100
101100001011111100011101001011
111110101101001101101110011111
111111110001111111110011000010
000001110000111111111101100111
110001011111011100000010101101
111011000101110111100010101100
011011011101010000110110110110
111100110101011011011111011000
111111011100101111110101111010
100111111100111110100111010111
001111000101111010111110010011
001011111010000011001000111010
100110001111101100111110011111
101110011111011110101111111001
011010111111101011111100101111
110010011101111100100011001010
100111000111110101100011001110
Found path for 0
Found path for 2
Checked solutions OK
Found goal with cost 10!
	Num Expansions = 151 nodes

Moves for Agent 0
West
Northwest
North
Northeast
Northwest
Northeast
North
Northeast
Northwest
West
Group 0
   Agent: 0	847 817 788 789 820 791 822 823 854 825 795 
Found goal with cost 17!
	Num Expansions = 638 nodes

Moves for Agent 0
South
Southeast
Southeast
Southwest
South
Southwest
Southeast
Southwest
Southwest
South
South
South
Southeast
Southwest
Southeast
South
South
Group 1
   Agent: 1	797 796 825 854 823 822 791 820 789 758 757 756 755 784 753 782 781 780 
Found goal with cost 18!
	Num Expansions = 963 nodes

Moves for Agent 0
Southwest
Southwest
South
South
Southwest
Southeast
Southeast
Southwest
South
Southeast
Southeast
Northeast
Southeast
Southeast
Southeast
Southeast
Southeast
Southwest
Group 2
   Agent: 2	538 507 476 475 474 443 472 501 470 469 498 527 558 587 616 645 674 703 672 
Found goal with cost 20!
	Num Expansions = 1140 nodes

Moves for Agent 0
North
North
Northeast
Northeast
Northeast
Northwest
Northwest
Northeast
North
Northeast
Northeast
Northwest
Northwest
Northwest
Northeast
North
North
Northwest
Northwest
Northeast
Group 3
   Agent: 3	399 400 401 432 463 494 465 436 467 468 499 530 501 472 443 474 475 476 447 418 449 
	Total Nodes Expanded: 2892
	Total Time 0s
grid path= t1_g9.txt	 agent path= t1_a9.txt
110111111111010001010001100101
001111100111011101101000011111
101010001010011101110110100101
101010100000111001100001111101
110010011101101100110011100001
100111100100010111111011111001
110010101010011100101110101011
001011001010011110011011011000
111010110011011011110001010110
101100010111011010101101101110
111010111110110000100101010111
001000011011011100111000010010
010111110101101100000001010100
011100111011101101111111001100
010101111111010100101001010111
011101111000001011111110010101
010110110101111011000100111110
011111010110111101111010000110
110101001010001001000010011111
111111010010011110001101111011
111111000110001110011101110011
000111110000101011101111011000
101101101111110111110000101101
111000110111000110011110000111
111110110100110111101000111101
110111000101111101001101011111
011110011001001001111010101110
110111110101011111001000000101
011110011011111011000111010000
110001111111110110111100110010
Found path for 0
Found path for 2
Checked solutions OK
Found goal with cost 26!
	Num Expansions = 969 nodes

Moves for Agent 0
Southwest
South
Southwest
Southeast
Southwest
West
Southwest
South
Southwest
Southwest
Southwest
Northwest
Northwest
Southwest
Southwest
Northwest
Northwest
Northwest
Northwest
Northeast
Northwest
North
North
Northwest
West
Northwest
Group 0
   Agent: 0	599 568 567 536 565 534 504 473 472 441 410 379 350 321 290 259 230 201 172 143 174 145 146 147 118 88 59 
Found goal with cost 11!
	Num Expansions = 313 nodes

Moves for Agent 0
Southwest
Northwest
Southwest
Southwest
Northwest
Southwest
Southwest
West
West
Southwest
West
Group 1
   Agent: 1	881 850 821 790 759 730 699 668 638 608 577 547 
Found goal with cost 22!
	Num Expansions = 588 nodes

Moves for Agent 0
West
West
West
Northwest
Southwest
Southwest
Southwest
Southwest
South
Southwest
Southwest
West
Southwest
Southwest
Southwest
South
South
South
Southeast
East
Southeast
Southeast
Group 2
   Agent: 2	591 561 531 501 472 441 410 379 348 347 316 285 255 224 193 162 161 160 159 188 218 247 276 
Found goal with cost 9!
	Num Expansions = 473 nodes

Moves for Agent 0
West
Northwest
Southwest
Northwest
Southwest
Northwest
Southwest
Southwest
West
Group 3
   Agent: 3	511 481 452 421 392 361 332 301 270 240 
	Total Nodes Expanded: 2343
	Total Time 0s
###############################################
Solved 10/10 instances
Instance 0
	Grid x=30, y=30
	Num agents = 4
	Time = 0s
	Collisions = 0
	Num expansions = 2892
Instance 1
	Grid x=30, y=30
	Num agents = 4
	Time = 0s
	Collisions = 0
	Num expansions = 2566
Instance 2
	Grid x=30, y=30
	Num agents = 4
	Time = 0s
	Collisions = 0
	Num expansions = 2367
Instance 3
	Grid x=30, y=30
	Num agents = 4
	Time = 0s
	Collisions = 0
	Num expansions = 1244
Instance 4
	Grid x=30, y=30
	Num agents = 4
	Time = 1s
	Collisions = 0
	Num expansions = 2338
Instance 5
	Grid x=30, y=30
	Num agents = 4
	Time = 0s
	Collisions = 0
	Num expansions = 3566
Instance 6
	Grid x=30, y=30
	Num agents = 4
	Time = 0s
	Collisions = 0
	Num expansions = 1461
Instance 7
	Grid x=30, y=30
	Num agents = 4
	Time = 0s
	Collisions = 0
	Num expansions = 4340
Instance 8
	Grid x=30, y=30
	Num agents = 4
	Time = 0s
	Collisions = 0
	Num expansions = 2892
Instance 9
	Grid x=30, y=30
	Num agents = 4
	Time = 0s
	Collisions = 0
	Num expansions = 2343
###############################################
Average Node exp = 2600.90
	Min = 1244	Max = 4340
Average solution time = 0.10
	Min = 0.00	Max = 1
