grid path= t5_g0.txt	 agent path= t5_a0.txt
001110110101001010011100011010
011111000101010111011111110000
101011010101111011000110010011
110000111011110010010111111100
110000111111110101100101110111
111110101110111110111001100011
000110111010011111110000001001
101111000111111101101101100111
001101110011001111111011111111
110010101011100011100011110010
011101010000100001110010000100
101111111000111010100111101100
000111111101101010011001001111
110100001110100001101110100010
101101101111101101101001011110
111001011100011001110111101101
011000001100111111111111011010
011111010100101111100010111110
010100110110011111010101111110
011101111111101100001000100111
Found path for 0
Found path for 2
Checked solutions OK
Found goal with cost 15!
	Num Expansions = 224 nodes

Moves for Agent 0
Northwest
Northwest
Northwest
West
West
Southwest
Southeast
South
South
Southwest
Southwest
Southwest
Southwest
West
Northwest
Group 0
   Agent: 0	349 330 311 292 272 252 231 250 249 248 227 206 185 164 144 125 
Found goal with cost 13!
	Num Expansions = 293 nodes

Moves for Agent 0
Southwest
Northwest
West
Southwest
Northwest
Northwest
West
West
Northwest
Northwest
Northwest
Northwest
Northwest
Group 1
   Agent: 1	565 544 525 505 484 465 446 426 406 387 368 349 330 311 
Found goal with cost 13!
	Num Expansions = 546 nodes

Moves for Agent 0
Northwest
Northwest
Northwest
West
Northwest
Northwest
Northwest
Northwest
Southwest
Northwest
Southwest
Northwest
Southwest
Group 2
   Agent: 2	302 283 264 245 225 206 187 168 149 128 109 88 69 48 
	Total Nodes Expanded: 1063
	Total Time 6s
grid path= t5_g1.txt	 agent path= t5_a1.txt
001100111011101111111010000111
011111011111001010011110111110
111100010101110110100010001101
101010000000111011011111011111
110011100011001110111000011100
100100101111111111111010111111
010010110111011111101001011001
000010100111101110001011011011
011101001010111011100111111111
000111010101110111110001011111
000100100101110011111010010101
111110000010101011011011111001
111001110010010111001111101101
101110011100111110101001110110
101101111101011001111001111011
100101101001111111101111010111
011110101010101110100001001001
001111101011110101010010100111
110011110011111111111111101111
110101111111111101101111101010
Found path for 0
Found path for 2
Checked solutions OK
Found goal with cost 11!
	Num Expansions = 127 nodes

Moves for Agent 0
North
Northwest
Northwest
Northwest
Northwest
Northwest
Northwest
West
Northwest
North
Northwest
Group 0
   Agent: 0	560 561 542 523 504 485 466 447 427 408 409 390 
Exceeded cost thresholdFailed to solve!
Cannot solve instance 1
grid path= t5_g2.txt	 agent path= t5_a2.txt
001001001110011111001001111111
111110111111001100111111111011
110111011011011111111110100111
000001100110111111111001011001
110100101110011110000111001111
110000110001001110010100110111
100010111111101111011000111100
101011110111001101010111011001
101101110001111111000010111100
101111101100110011010010111011
010100111110100111001100101011
110111100001000100011011111100
101111101111010101001001011011
010111101001111101100001110100
101111100111111001111010111010
000001100010011111001011111111
010100110010011110011111101111
100100111100001100101001011101
011010101010111111110101011101
101011001000011111010111100111
Found path for 0
Found path for 2
Checked solutions OK
Found goal with cost 4!
	Num Expansions = 66 nodes

Moves for Agent 0
South
Southwest
Southeast
Southeast
Group 0
   Agent: 0	133 132 111 130 149 
Found goal with cost 4!
	Num Expansions = 67 nodes

Moves for Agent 0
South
Southeast
South
Southeast
Group 1
   Agent: 1	228 227 246 245 264 
Found goal with cost 17!
	Num Expansions = 607 nodes

Moves for Agent 0
Northeast
Northeast
North
Northeast
Northeast
Northeast
East
Northeast
Northeast
East
Southeast
Northeast
Southeast
Southeast
Southeast
East
Southeast
Group 2
   Agent: 2	250 271 292 293 314 335 356 376 397 418 438 457 478 497 516 535 555 574 
	Total Nodes Expanded: 740
	Total Time 6s
grid path= t5_g3.txt	 agent path= t5_a3.txt
101011101001101000111011110101
000100001001111111111111010011
110110011111011110110111000000
110000101000111010001101101110
000101011111001100100101001101
100100100111001101101000111011
110111000000001011110011111110
011101011110011110001101111011
111001011110101011001100110001
101011110000101111011000100100
111111000101111110111001011101
101011001101011110010110101110
110000101110001111110010111101
111111000101101111011100010010
111110111000011100111100001111
111010111011101011101001111110
101001000101001101011001100110
100110001101010010010111111110
110101111100110111111001111011
100101110111111011011110111011
Found path for 0
Found path for 2
Checked solutions OK
Found goal with cost 5!
	Num Expansions = 70 nodes

Moves for Agent 0
Northwest
Northwest
Northwest
Southwest
Northwest
Group 0
   Agent: 0	591 572 553 534 513 494 
Found goal with cost 11!
	Num Expansions = 205 nodes

Moves for Agent 0
Southwest
Southwest
Southeast
Southwest
Southeast
South
Southeast
Southwest
Southwest
Southeast
Southwest
Group 1
   Agent: 1	532 511 490 509 488 507 506 525 504 483 502 481 
Found goal with cost 19!
	Num Expansions = 541 nodes

Moves for Agent 0
Southwest
West
Northwest
Southwest
Northwest
Northwest
Northwest
West
Southwest
West
Southwest
Northwest
West
Southwest
Southwest
South
South
Southeast
East
Group 2
   Agent: 2	414 393 373 354 333 314 295 276 256 235 215 194 175 155 134 113 112 111 130 150 
	Total Nodes Expanded: 816
	Total Time 5s
grid path= t5_g4.txt	 agent path= t5_a4.txt
111101110111111111010010011000
111110111101001110010010010010
111111111011111110001010111111
110111111000001100111101011011
110111111111101001001110001111
000111100010001011101001001111
101111101011011111101110110011
111011110111001000101110010100
011101110110111011011001001000
100101011111011101101111100010
010110001111101110111110010011
010001011011101101110100010011
111010100001011101111101101101
101111111111110101111111010111
100000011101110101100110000111
111110111000011110100111110111
010111010010001000100110101010
110011101111101001001111010100
100001011110011001010100010101
010111011111101011001011011110
Found path for 0
Found path for 2
Checked solutions OK
Found goal with cost 13!
	Num Expansions = 583 nodes

Moves for Agent 0
Southeast
Southwest
Southeast
South
South
South
Southwest
Southeast
Southeast
South
Southwest
South
Southeast
Group 0
   Agent: 0	398 417 396 415 414 413 412 391 410 429 428 407 406 425 
Found goal with cost 16!
	Num Expansions = 561 nodes

Moves for Agent 0
North
North
Northwest
Northwest
Northwest
Northwest
Northwest
Northwest
Southwest
Northwest
Northwest
West
Southwest
Southwest
Northwest
Northwest
Group 1
   Agent: 1	500 501 502 483 464 445 426 407 388 367 348 329 309 288 267 248 229 
Found goal with cost 23!
	Num Expansions = 1064 nodes

Moves for Agent 0
Northwest
North
Northeast
Northeast
East
East
Southeast
Northeast
Northeast
East
East
Northeast
Northeast
North
Northeast
Northeast
North
Northeast
North
North
North
North
Northeast
Group 2
   Agent: 2	20 1 2 23 44 64 84 103 124 145 165 185 206 227 228 249 270 271 292 293 294 295 296 317 
	Total Nodes Expanded: 2208
	Total Time 6s
grid path= t5_g5.txt	 agent path= t5_a5.txt
001010101011110001000010110011
111011001111111100010110011010
111101010100111001111100010101
101111011110101100100110001101
000100111101110110100110000111
100000010001000010001001101001
010000000011101111110111010101
001111000010101110101110110110
110010111000000110111111101011
100011111000101110000110101011
110101110100111110011111101111
111101011001111101001110110011
110001100110101001100001111110
001001101000011101101101010111
110011010111111100111011110110
110000101111111111100010101010
101010110110111011110011110110
101010011100110100110011111101
011001101100111000111101111111
111110010011001001101101111100
Found path for 0
Found path for 2
Checked solutions OK
Found goal with cost 18!
	Num Expansions = 306 nodes

Moves for Agent 0
East
Southeast
East
Northeast
East
Southeast
Northeast
Northeast
Northeast
Northeast
East
Northeast
Northeast
Southeast
Southeast
Southeast
Southeast
Southeast
Group 0
   Agent: 0	21 41 60 80 101 121 140 161 182 203 224 244 265 286 305 324 343 362 381 
Found goal with cost 2!
	Num Expansions = 27 nodes

Moves for Agent 0
Southeast
Northeast
Group 1
   Agent: 1	176 195 216 
Found goal with cost 20!
	Num Expansions = 1011 nodes

Moves for Agent 0
Northeast
North
Northwest
West
Northwest
Northwest
Southwest
Northwest
Southwest
West
Southwest
Southwest
West
Southwest
West
Southwest
West
West
Northwest
Northwest
Group 2
   Agent: 2	340 361 362 343 323 304 285 264 245 224 204 183 162 142 121 101 80 60 40 21 2 
	Total Nodes Expanded: 1344
	Total Time 6s
grid path= t5_g6.txt	 agent path= t5_a6.txt
011011101110011101000111111111
001110110110001110001011010010
011011001111110110001101000001
001011100011001111001011100011
011100101111111100001101100100
111111000101111110001111111101
100111111110101010111011101101
011010010111111101001001100010
111110101110111010101100100011
010100110110001101011111111111
111110111000011011011101111011
000011010010110100001011011010
101000111111110001010111000110
110111111001001000111011010001
111011000100011111011011111001
010100010101101100111000101110
011100010101111101100111011111
111111010111010100111101000111
100100010100100110110001000101
110110100000100001001100000111
Found path for 0
Found path for 2
Checked solutions OK
Found goal with cost 14!
	Num Expansions = 261 nodes

Moves for Agent 0
West
West
Northwest
Northwest
West
West
Northwest
Southwest
Southwest
West
Northwest
Northwest
Northwest
Northwest
Group 0
   Agent: 0	345 325 305 286 267 247 227 208 187 166 146 127 108 89 70 
Found goal with cost 11!
	Num Expansions = 236 nodes

Moves for Agent 0
Southeast
South
Southeast
Southeast
East
Southeast
Southeast
East
Southeast
Southeast
Southeast
Group 1
   Agent: 1	371 390 389 408 427 447 466 485 505 524 543 562 
Found goal with cost 5!
	Num Expansions = 137 nodes

Moves for Agent 0
West
Northwest
West
Southwest
Southwest
Group 2
   Agent: 2	314 294 275 255 234 213 
	Total Nodes Expanded: 634
	Total Time 5s
grid path= t5_g7.txt	 agent path= t5_a7.txt
000100101111011010010000101110
010010111101001011100111001101
010010111110001000011101110101
101111111111001111110111111001
010101010101111001101010000011
010110011011110011110110000011
111000010101001111110101100111
011111111011100110111111111011
000111000111111111100110011111
110111010111011011101011111110
110100011111101100101010110011
001110000110111011011001110100
101111100100101100011111010001
001110101101110111001101111110
010110010001101011011111000010
101010011111010111000000001110
101101011100010111011011010100
110101111100101111111011111101
100111101001000110011111000110
101101100110011111100110001001
Found path for 0
Found path for 2
Checked solutions OK
Found goal with cost 15!
	Num Expansions = 631 nodes

Moves for Agent 0
Southwest
West
Southwest
West
West
Southwest
Northwest
West
West
West
West
Southwest
Southwest
Northwest
West
Group 0
   Agent: 0	538 517 497 476 456 436 415 396 376 356 336 316 295 274 255 235 
Found goal with cost 22!
	Num Expansions = 530 nodes

Moves for Agent 0
Northeast
North
North
North
Northeast
Northwest
West
Northwest
Northwest
West
Southwest
West
West
Northwest
Northwest
Northwest
Northwest
Northwest
Northwest
Northwest
Northwest
Northwest
Group 1
   Agent: 1	520 541 542 543 544 565 546 526 507 488 468 447 427 407 388 369 350 331 312 293 274 255 236 
Found goal with cost 5!
	Num Expansions = 47 nodes

Moves for Agent 0
Southwest
Southeast
Southwest
Southeast
East
Group 2
   Agent: 2	330 309 328 307 326 346 
	Total Nodes Expanded: 1208
	Total Time 5s
grid path= t5_g8.txt	 agent path= t5_a8.txt
001110110111001101111101101111
010011011101100011011011001010
110001101110111000100111011111
110101011110110001010001011000
111111000011001011001111011011
101001111110101101101011110111
011111001111110011101101010101
100110101101101011011010101111
111011111111111001101011111110
101001111011011011111110110110
110000111101011111010101111110
011111110110111110111101101000
011110011011011101010101110001
000011111011101111011111011111
111000110000001111001101011110
110101101011111111101011101111
011011101110100101111111110010
111011000000110001001001100110
111001001001101100000010101011
101101100101100101011100110011
Found path for 0
Found path for 2
Checked solutions OK
Found goal with cost 17!
	Num Expansions = 546 nodes

Moves for Agent 0
South
Southeast
Southwest
West
Southwest
South
Southwest
Southwest
Southwest
South
Southwest
Southwest
South
Southwest
Southwest
West
West
Group 0
   Agent: 0	458 457 476 455 435 414 413 392 371 350 349 328 307 306 285 264 244 224 
Found goal with cost 13!
	Num Expansions = 544 nodes

Moves for Agent 0
Northwest
Northwest
Northwest
Northeast
Northeast
North
North
Northwest
Northeast
Northwest
North
Northwest
North
Group 1
   Agent: 1	300 281 262 243 264 285 286 287 268 289 270 271 252 253 
Found goal with cost 17!
	Num Expansions = 1015 nodes

Moves for Agent 0
Southeast
Southwest
Southwest
Southwest
Southwest
South
Southeast
South
Southeast
Southeast
Southeast
Southeast
South
Southwest
Southwest
South
South
Group 2
   Agent: 2	258 277 256 235 214 193 192 211 210 229 248 267 286 285 264 243 242 241 
	Total Nodes Expanded: 2105
	Total Time 7s
grid path= t5_g9.txt	 agent path= t5_a9.txt
111011011001110001101011111011
101110011101010011101110011110
111101101110001101101110100010
111011010100111111111100010001
100001101110010111100000001111
111110011100111111100101010110
001110101100011101001111011110
011110111000010000001110100011
111111001011111010010110100111
111101110100010100001111101010
110010101110011111000111100111
111010110010011111100110111110
010110000110101001110001111111
011100001101000000111111101111
100111001001100100100001111001
011111011011011101111100011111
000011010110110001111011000110
011101110000110110111111001111
110001110101011010111111111000
010101111111100010100001101111
Found path for 0
Found path for 2
Checked solutions OK
Found goal with cost 14!
	Num Expansions = 297 nodes

Moves for Agent 0
Southwest
West
Southwest
Northwest
West
Southwest
Southwest
West
West
Northwest
Northwest
Northwest
North
Northwest
Group 0
   Agent: 0	343 322 302 281 262 242 221 200 180 160 141 122 103 104 85 
Exceeded cost thresholdFailed to solve!
Cannot solve instance 9
###############################################
Solved 8/10 instances
Instance 0
	Grid x=30, y=20
	Num agents = 3
	Time = 6s
	Collisions = 0
	Num expansions = 1063
Instance 1
	Grid x=30, y=20
	Num agents = 3
	Time = 6s
	Collisions = 0
	Num expansions = 740
Instance 2
	Grid x=30, y=20
	Num agents = 3
	Time = 5s
	Collisions = 0
	Num expansions = 816
Instance 3
	Grid x=30, y=20
	Num agents = 3
	Time = 6s
	Collisions = 0
	Num expansions = 2208
Instance 4
	Grid x=30, y=20
	Num agents = 3
	Time = 6s
	Collisions = 0
	Num expansions = 1344
Instance 5
	Grid x=30, y=20
	Num agents = 3
	Time = 5s
	Collisions = 0
	Num expansions = 634
Instance 6
	Grid x=30, y=20
	Num agents = 3
	Time = 5s
	Collisions = 0
	Num expansions = 1208
Instance 7
	Grid x=30, y=20
	Num agents = 3
	Time = 7s
	Collisions = 0
	Num expansions = 2105
###############################################
Average Node exp = 1264.75
	Min = 634	Max = 2208
Average solution time = 5.75
	Min = 5.00	Max = 7
