grid path= t6_g0.txt	 agent path= t6_a0.txt
10111010101001101001
00111111110011110111
11101101111101001110
01000100000010111010
11011101001101011000
10101001011001010110
11000010111111010111
00000111001110010011
00011100101110010011
11011011001110010110
01011111001111010100
11011101001110110111
10110010110111101111
11101111101011111111
00110011111111101101
00000011111001011101
11101110110010111011
01010010010111011011
11011110100111001101
11111101111001011011
Found path for 0
Found path for 2
Found path for 4
